# JRE version: OpenJDK Runtime Environment (14.0.2+12) (build 14.0.2+12-46)
# Java VM: OpenJDK 64-Bit Server VM (14.0.2+12-46, mixed mode, tiered, compressed oops, g1 gc, bsd-amd64)
Heap:
 garbage-first heap   total 151552K, used 45584K [0x0000000700000000, 0x0000000800000000)
  region size 1024K, 38 young (38912K), 5 survivors (5120K)
 Metaspace       used 34822K, capacity 35758K, committed 35920K, reserved 1081344K
  class space    used 3993K, capacity 4347K, committed 4352K, reserved 1048576K
GC Heap History (14 events):
Event: 0.847 GC heap before
{Heap before GC invocations=0 (full 0):
 garbage-first heap   total 262144K, used 23552K [0x0000000700000000, 0x0000000800000000)
  region size 1024K, 23 young (23552K), 0 survivors (0K)
 Metaspace       used 11727K, capacity 11978K, committed 12288K, reserved 1060864K
  class space    used 1085K, capacity 1178K, committed 1280K, reserved 1048576K
}
Event: 0.853 GC heap after
{Heap after GC invocations=1 (full 0):
 garbage-first heap   total 262144K, used 6881K [0x0000000700000000, 0x0000000800000000)
  region size 1024K, 3 young (3072K), 3 survivors (3072K)
 Metaspace       used 11727K, capacity 11978K, committed 12288K, reserved 1060864K
  class space    used 1085K, capacity 1178K, committed 1280K, reserved 1048576K
}
Event: 1.311 GC heap before
{Heap before GC invocations=1 (full 0):
 garbage-first heap   total 262144K, used 34529K [0x0000000700000000, 0x0000000800000000)
  region size 1024K, 30 young (30720K), 3 survivors (3072K)
 Metaspace       used 15006K, capacity 15264K, committed 15360K, reserved 1062912K
  class space    used 1437K, capacity 1531K, committed 1536K, reserved 1048576K
}
Event: 1.316 GC heap after
{Heap after GC invocations=2 (full 0):
 garbage-first heap   total 262144K, used 8288K [0x0000000700000000, 0x0000000800000000)
  region size 1024K, 2 young (2048K), 2 survivors (2048K)
 Metaspace       used 15006K, capacity 15264K, committed 15360K, reserved 1062912K
  class space    used 1437K, capacity 1531K, committed 1536K, reserved 1048576K
}
Event: 1.922 GC heap before
{Heap before GC invocations=2 (full 0):
 garbage-first heap   total 262144K, used 70752K [0x0000000700000000, 0x0000000800000000)
  region size 1024K, 64 young (65536K), 2 survivors (2048K)
 Metaspace       used 20643K, capacity 21120K, committed 21296K, reserved 1069056K
  class space    used 2156K, capacity 2334K, committed 2432K, reserved 1048576K
}
Event: 1.928 GC heap after
{Heap after GC invocations=3 (full 0):
 garbage-first heap   total 262144K, used 9466K [0x0000000700000000, 0x0000000800000000)
  region size 1024K, 3 young (3072K), 3 survivors (3072K)
 Metaspace       used 20643K, capacity 21120K, committed 21296K, reserved 1069056K
  class space    used 2156K, capacity 2334K, committed 2432K, reserved 1048576K
}
Event: 2.114 GC heap before
{Heap before GC invocations=4 (full 0):
 garbage-first heap   total 37888K, used 37114K [0x0000000700000000, 0x0000000800000000)
  region size 1024K, 30 young (30720K), 3 survivors (3072K)
 Metaspace       used 22625K, capacity 23117K, committed 23472K, reserved 1071104K
  class space    used 2343K, capacity 2529K, committed 2560K, reserved 1048576K
}
Event: 2.118 GC heap after
{Heap after GC invocations=5 (full 0):
 garbage-first heap   total 40960K, used 9678K [0x0000000700000000, 0x0000000800000000)
  region size 1024K, 3 young (3072K), 3 survivors (3072K)
 Metaspace       used 22625K, capacity 23117K, committed 23472K, reserved 1071104K
  class space    used 2343K, capacity 2529K, committed 2560K, reserved 1048576K
}
Event: 2.223 GC heap before
{Heap before GC invocations=5 (full 0):
 garbage-first heap   total 40960K, used 29134K [0x0000000700000000, 0x0000000800000000)
  region size 1024K, 22 young (22528K), 3 survivors (3072K)
 Metaspace       used 23660K, capacity 24219K, committed 24368K, reserved 1071104K
  class space    used 2485K, capacity 2662K, committed 2688K, reserved 1048576K
}
Event: 2.228 GC heap after
{Heap after GC invocations=6 (full 0):
 garbage-first heap   total 151552K, used 9789K [0x0000000700000000, 0x0000000800000000)
  region size 1024K, 2 young (2048K), 2 survivors (2048K)
 Metaspace       used 23660K, capacity 24219K, committed 24368K, reserved 1071104K
  class space    used 2485K, capacity 2662K, committed 2688K, reserved 1048576K
}
Event: 2.875 GC heap before
{Heap before GC invocations=6 (full 0):
 garbage-first heap   total 151552K, used 96829K [0x0000000700000000, 0x0000000800000000)
  region size 1024K, 88 young (90112K), 2 survivors (2048K)
 Metaspace       used 29564K, capacity 30306K, committed 30768K, reserved 1077248K
  class space    used 3343K, capacity 3612K, committed 3712K, reserved 1048576K
}
Event: 2.880 GC heap after
{Heap after GC invocations=7 (full 0):
 garbage-first heap   total 151552K, used 11454K [0x0000000700000000, 0x0000000800000000)
  region size 1024K, 4 young (4096K), 4 survivors (4096K)
 Metaspace       used 29564K, capacity 30306K, committed 30768K, reserved 1077248K
  class space    used 3343K, capacity 3612K, committed 3712K, reserved 1048576K
}
Event: 3.418 GC heap before
{Heap before GC invocations=7 (full 0):
 garbage-first heap   total 151552K, used 96446K [0x0000000700000000, 0x0000000800000000)
  region size 1024K, 88 young (90112K), 4 survivors (4096K)
 Metaspace       used 32714K, capacity 33572K, committed 33712K, reserved 1079296K
  class space    used 3708K, capacity 4004K, committed 4096K, reserved 1048576K
}
Event: 3.424 GC heap after
{Heap after GC invocations=8 (full 0):
 garbage-first heap   total 151552K, used 12816K [0x0000000700000000, 0x0000000800000000)
  region size 1024K, 5 young (5120K), 5 survivors (5120K)
 Metaspace       used 32714K, capacity 33572K, committed 33712K, reserved 1079296K
  class space    used 3708K, capacity 4004K, committed 4096K, reserved 1048576K
}

